ISim log file
Running: C:\Users\utp.CRIE\Desktop\firstprocessor-juanoc097\procesador\ProcesadorSeis_TB_isim_beh.exe -intstyle ise -gui -tclbatch isim.cmd -wdb C:/Users/utp.CRIE/Desktop/firstprocessor-juanoc097/procesador/ProcesadorSeis_TB_isim_beh.wdb 
ISim P.20131013 (signature 0x7708f090)
WARNING: A WEBPACK license was found.
WARNING: Please use Xilinx License Configuration Manager to check out a full ISim license.
WARNING: ISim will run in Lite mode. Please refer to the ISim documentation for more information on the differences between the Lite and the Full version.
This is a Lite version of ISim.
Time resolution is 1 ps
# onerror resume
# wave add /
# run 1000 ns
Simulator is doing circuit initialization process.
at 0 ps, Instance /procesadorseis_tb/uut/AdderNextPc0/ : Warning: There is an 'U'|'X'|'W'|'Z'|'-' in an arithmetic operand, the result will be 'X'(es).
at 0 ps, Instance /procesadorseis_tb/uut/RF0/ : Warning: CONV_INTEGER: There is an 'U'|'X'|'W'|'Z'|'-' in an arithmetic operand, and it has been converted to 0.
at 0 ps, Instance /procesadorseis_tb/uut/RF0/ : Warning: CONV_INTEGER: There is an 'U'|'X'|'W'|'Z'|'-' in an arithmetic operand, and it has been converted to 0.
at 0 ps, Instance /procesadorseis_tb/uut/RF0/ : Warning: CONV_INTEGER: There is an 'U'|'X'|'W'|'Z'|'-' in an arithmetic operand, and it has been converted to 0.
Finished circuit initialization process.
# run 150 ns
# restart
# run all
Simulator is doing circuit initialization process.
at 0 ps, Instance /procesadorseis_tb/uut/RF0/ : Warning: CONV_INTEGER: There is an 'U'|'X'|'W'|'Z'|'-' in an arithmetic operand, and it has been converted to 0.
at 0 ps, Instance /procesadorseis_tb/uut/RF0/ : Warning: CONV_INTEGER: There is an 'U'|'X'|'W'|'Z'|'-' in an arithmetic operand, and it has been converted to 0.
at 0 ps, Instance /procesadorseis_tb/uut/RF0/ : Warning: CONV_INTEGER: There is an 'U'|'X'|'W'|'Z'|'-' in an arithmetic operand, and it has been converted to 0.
Finished circuit initialization process.
Stopped at time : 23902725 ns : File "C:/Users/utp.CRIE/Desktop/firstprocessor-juanoc097/procesador/ProgramCounter.vhd" Line 24
# restart
# run 150 ns
Simulator is doing circuit initialization process.
at 0 ps, Instance /procesadorseis_tb/uut/RF0/ : Warning: CONV_INTEGER: There is an 'U'|'X'|'W'|'Z'|'-' in an arithmetic operand, and it has been converted to 0.
at 0 ps, Instance /procesadorseis_tb/uut/RF0/ : Warning: CONV_INTEGER: There is an 'U'|'X'|'W'|'Z'|'-' in an arithmetic operand, and it has been converted to 0.
at 0 ps, Instance /procesadorseis_tb/uut/RF0/ : Warning: CONV_INTEGER: There is an 'U'|'X'|'W'|'Z'|'-' in an arithmetic operand, and it has been converted to 0.
Finished circuit initialization process.
# run 150 ns
# run 150 ns
# run 150 ns
# run 150 ns
# run 150 ns
# run 150 ns
# run 150 ns
# run 150 ns
# run 150 ns
# run 150 ns
# run 150 ns
# run 150 ns
# run 150 ns
# run 150 ns
# run 150 ns
# run 150 ns
# run 150 ns
# run 150 ns
# run 150 ns
# run 150 ns
# run 150 ns
# run 150 ns
# run 150 ns
# run 150 ns
# run 150 ns
# run 150 ns
# run 150 ns
# run 150 ns
# run 150 ns
# run 150 ns
# run 150 ns
# run 1000 ns
# run 1000 ns
# run 1000 ns
# run 1000 ns
# run 1000 ns
# run 1000 ns
# run 1000 ns
# run 1000 ns
# run 1000 ns
# run 1000 ns
# run 1000 ns
# run 1000 ns
# run 1000 ns
# run 100000 ns
